android/app/build/intermediates/manifest_merge_blame_file/release/processReleaseMainManifest/manifest-merger-blame-release-report.txt
1<?xml version="1.0" encoding="utf-8"?>
2<manifest xmlns:android="http://schemas.android.com/apk/res/android"
3    package="com.pinbridge.otpmirror"
4    android:versionCode="1"
5    android:versionName="1.0" >
6
7    <uses-sdk
8        android:minSdkVersion="26"
9        android:targetSdkVersion="34" />
10
11    <uses-permission android:name="android.permission.RECEIVE_SMS" />
11-->src/main/AndroidManifest.xml:5:5-70
11-->src/main/AndroidManifest.xml:5:22-67
12    <uses-permission android:name="android.permission.READ_SMS" />
12-->src/main/AndroidManifest.xml:6:5-67
12-->src/main/AndroidManifest.xml:6:22-64
13    <uses-permission android:name="android.permission.INTERNET" />
13-->src/main/AndroidManifest.xml:7:5-67
13-->src/main/AndroidManifest.xml:7:22-64
14    <uses-permission android:name="android.permission.ACCESS_NETWORK_STATE" />
14-->src/main/AndroidManifest.xml:8:5-79
14-->src/main/AndroidManifest.xml:8:22-76
15    <uses-permission android:name="android.permission.CAMERA" />
15-->src/main/AndroidManifest.xml:9:5-65
15-->src/main/AndroidManifest.xml:9:22-62
16    <uses-permission android:name="android.permission.WAKE_LOCK" />
16-->[com.google.android.gms:play-services-measurement:23.0.0] AndroidManifest.xml:25:5-68
16-->[com.google.android.gms:play-services-measurement:23.0.0] AndroidManifest.xml:25:22-65
17    <uses-permission android:name="com.google.android.finsky.permission.BIND_GET_INSTALL_REFERRER_SERVICE" />
17-->[com.google.android.gms:play-services-measurement:23.0.0] AndroidManifest.xml:26:5-110
17-->[com.google.android.gms:play-services-measurement:23.0.0] AndroidManifest.xml:26:22-107
18    <uses-permission android:name="com.google.android.gms.permission.AD_ID" />
18-->[com.google.android.gms:play-services-measurement-api:23.0.0] AndroidManifest.xml:25:5-79
18-->[com.google.android.gms:play-services-measurement-api:23.0.0] AndroidManifest.xml:25:22-76
19    <uses-permission android:name="android.permission.ACCESS_ADSERVICES_ATTRIBUTION" />
19-->[com.google.android.gms:play-services-measurement-api:23.0.0] AndroidManifest.xml:26:5-88
19-->[com.google.android.gms:play-services-measurement-api:23.0.0] AndroidManifest.xml:26:22-85
20    <uses-permission android:name="android.permission.ACCESS_ADSERVICES_AD_ID" />
20-->[com.google.android.gms:play-services-measurement-api:23.0.0] AndroidManifest.xml:27:5-82
20-->[com.google.android.gms:play-services-measurement-api:23.0.0] AndroidManifest.xml:27:22-79
21    <uses-permission android:name="com.google.android.providers.gsf.permission.READ_GSERVICES" /> <!-- Required by older versions of Google Play services to create IID tokens -->
21-->[com.google.android.recaptcha:recaptcha:18.6.1] AndroidManifest.xml:9:5-98
21-->[com.google.android.recaptcha:recaptcha:18.6.1] AndroidManifest.xml:9:22-95
22    <uses-permission android:name="com.google.android.c2dm.permission.RECEIVE" />
22-->[com.google.firebase:firebase-iid:21.1.0] AndroidManifest.xml:26:5-82
22-->[com.google.firebase:firebase-iid:21.1.0] AndroidManifest.xml:26:22-79
23    <uses-permission android:name="android.permission.RECEIVE_BOOT_COMPLETED" />
23-->[androidx.work:work-runtime:2.9.0] AndroidManifest.xml:25:5-81
23-->[androidx.work:work-runtime:2.9.0] AndroidManifest.xml:25:22-78
24    <uses-permission android:name="android.permission.FOREGROUND_SERVICE" />
24-->[androidx.work:work-runtime:2.9.0] AndroidManifest.xml:26:5-77
24-->[androidx.work:work-runtime:2.9.0] AndroidManifest.xml:26:22-74
25
26    <permission
26-->[androidx.core:core:1.12.0] AndroidManifest.xml:22:5-24:47
27        android:name="com.pinbridge.otpmirror.DYNAMIC_RECEIVER_NOT_EXPORTED_PERMISSION"
27-->[androidx.core:core:1.12.0] AndroidManifest.xml:23:9-81
28        android:protectionLevel="signature" />
28-->[androidx.core:core:1.12.0] AndroidManifest.xml:24:9-44
29
30    <uses-permission android:name="com.pinbridge.otpmirror.DYNAMIC_RECEIVER_NOT_EXPORTED_PERMISSION" />
30-->[androidx.core:core:1.12.0] AndroidManifest.xml:26:5-97
30-->[androidx.core:core:1.12.0] AndroidManifest.xml:26:22-94
31
32    <application
32-->src/main/AndroidManifest.xml:11:5-71:19
33        android:name="com.pinbridge.otpmirror.PinBridgeApp"
33-->src/main/AndroidManifest.xml:12:9-37
34        android:allowBackup="true"
34-->src/main/AndroidManifest.xml:13:9-35
35        android:appComponentFactory="androidx.core.app.CoreComponentFactory"
35-->[androidx.core:core:1.12.0] AndroidManifest.xml:28:18-86
36        android:extractNativeLibs="false"
37        android:icon="@mipmap/ic_launcher"
37-->src/main/AndroidManifest.xml:14:9-43
38        android:label="@string/app_name"
38-->src/main/AndroidManifest.xml:15:9-41
39        android:roundIcon="@mipmap/ic_launcher_round"
39-->src/main/AndroidManifest.xml:16:9-54
40        android:supportsRtl="true"
40-->src/main/AndroidManifest.xml:17:9-35
41        android:theme="@style/Theme.PinBridge" >
41-->src/main/AndroidManifest.xml:18:9-47
42        <activity
42-->src/main/AndroidManifest.xml:20:9-28:20
43            android:name="com.pinbridge.otpmirror.MainActivity"
43-->src/main/AndroidManifest.xml:21:13-41
44            android:exported="true"
44-->src/main/AndroidManifest.xml:22:13-36
45            android:theme="@style/Theme.PinBridge" >
45-->src/main/AndroidManifest.xml:23:13-51
46            <intent-filter>
46-->src/main/AndroidManifest.xml:24:13-27:29
47                <action android:name="android.intent.action.MAIN" />
47-->src/main/AndroidManifest.xml:25:17-69
47-->src/main/AndroidManifest.xml:25:25-66
48
49                <category android:name="android.intent.category.LAUNCHER" />
49-->src/main/AndroidManifest.xml:26:17-77
49-->src/main/AndroidManifest.xml:26:27-74
50            </intent-filter>
51        </activity>
52        <activity
52-->src/main/AndroidManifest.xml:32:9-39:20
53            android:name="com.pinbridge.otpmirror.PairingScannerActivity"
53-->src/main/AndroidManifest.xml:33:13-51
54            android:exported="true"
54-->src/main/AndroidManifest.xml:34:13-36
55            android:theme="@style/Theme.PinBridge.NoActionBar" >
55-->src/main/AndroidManifest.xml:35:13-63
56            <intent-filter>
56-->src/main/AndroidManifest.xml:36:13-38:29
57                <action android:name="com.pinbridge.otpmirror.ACTION_START_PAIRING_SCAN" />
57-->src/main/AndroidManifest.xml:37:17-92
57-->src/main/AndroidManifest.xml:37:25-89
58            </intent-filter>
59        </activity>
60        <activity
60-->src/main/AndroidManifest.xml:41:9-48:20
61            android:name="com.pinbridge.otpmirror.ManualCodeEntryActivity"
61-->src/main/AndroidManifest.xml:42:13-52
62            android:exported="true"
62-->src/main/AndroidManifest.xml:43:13-36
63            android:theme="@style/Theme.PinBridge.NoActionBar" >
63-->src/main/AndroidManifest.xml:44:13-63
64            <intent-filter>
64-->src/main/AndroidManifest.xml:45:13-47:29
65                <action android:name="com.pinbridge.otpmirror.ACTION_MANUAL_CODE_ENTRY" />
65-->src/main/AndroidManifest.xml:46:17-91
65-->src/main/AndroidManifest.xml:46:25-88
66            </intent-filter>
67        </activity>
68
69        <receiver
69-->src/main/AndroidManifest.xml:50:9-57:20
70            android:name="com.pinbridge.otpmirror.OtpReceiver"
70-->src/main/AndroidManifest.xml:51:13-40
71            android:exported="true"
71-->src/main/AndroidManifest.xml:52:13-36
72            android:permission="android.permission.BROADCAST_SMS" >
72-->src/main/AndroidManifest.xml:53:13-66
73            <intent-filter android:priority="999" >
73-->src/main/AndroidManifest.xml:54:13-56:29
73-->src/main/AndroidManifest.xml:54:28-50
74                <action android:name="android.provider.Telephony.SMS_RECEIVED" />
74-->src/main/AndroidManifest.xml:55:17-82
74-->src/main/AndroidManifest.xml:55:25-79
75            </intent-filter>
76        </receiver>
77
78        <!-- Disable default WorkManager initialization since we use on-demand initialization in PinBridgeApp -->
79        <provider
80            android:name="androidx.startup.InitializationProvider"
80-->src/main/AndroidManifest.xml:61:13-67
81            android:authorities="com.pinbridge.otpmirror.androidx-startup"
81-->src/main/AndroidManifest.xml:62:13-68
82            android:exported="false" >
82-->src/main/AndroidManifest.xml:63:13-37
83            <meta-data
83-->[androidx.emoji2:emoji2:1.3.0] AndroidManifest.xml:29:13-31:52
84                android:name="androidx.emoji2.text.EmojiCompatInitializer"
84-->[androidx.emoji2:emoji2:1.3.0] AndroidManifest.xml:30:17-75
85                android:value="androidx.startup" />
85-->[androidx.emoji2:emoji2:1.3.0] AndroidManifest.xml:31:17-49
86            <meta-data
86-->[androidx.lifecycle:lifecycle-process:2.7.0] AndroidManifest.xml:29:13-31:52
87                android:name="androidx.lifecycle.ProcessLifecycleInitializer"
87-->[androidx.lifecycle:lifecycle-process:2.7.0] AndroidManifest.xml:30:17-78
88                android:value="androidx.startup" />
88-->[androidx.lifecycle:lifecycle-process:2.7.0] AndroidManifest.xml:31:17-49
89            <meta-data
89-->[androidx.profileinstaller:profileinstaller:1.3.0] AndroidManifest.xml:29:13-31:52
90                android:name="androidx.profileinstaller.ProfileInstallerInitializer"
90-->[androidx.profileinstaller:profileinstaller:1.3.0] AndroidManifest.xml:30:17-85
91                android:value="androidx.startup" />
91-->[androidx.profileinstaller:profileinstaller:1.3.0] AndroidManifest.xml:31:17-49
92        </provider>
93
94        <service
94-->[androidx.camera:camera-camera2:1.3.1] AndroidManifest.xml:24:9-33:19
95            android:name="androidx.camera.core.impl.MetadataHolderService"
95-->[androidx.camera:camera-camera2:1.3.1] AndroidManifest.xml:25:13-75
96            android:enabled="false"
96-->[androidx.camera:camera-camera2:1.3.1] AndroidManifest.xml:26:13-36
97            android:exported="false" >
97-->[androidx.camera:camera-camera2:1.3.1] AndroidManifest.xml:27:13-37
98            <meta-data
98-->[androidx.camera:camera-camera2:1.3.1] AndroidManifest.xml:30:13-32:89
99                android:name="androidx.camera.core.impl.MetadataHolderService.DEFAULT_CONFIG_PROVIDER"
99-->[androidx.camera:camera-camera2:1.3.1] AndroidManifest.xml:31:17-103
100                android:value="androidx.camera.camera2.Camera2Config$DefaultProvider" />
100-->[androidx.camera:camera-camera2:1.3.1] AndroidManifest.xml:32:17-86
101        </service>
102
103        <activity
103-->[com.google.firebase:firebase-auth:24.0.1] AndroidManifest.xml:29:9-46:20
104            android:name="com.google.firebase.auth.internal.GenericIdpActivity"
104-->[com.google.firebase:firebase-auth:24.0.1] AndroidManifest.xml:30:13-80
105            android:excludeFromRecents="true"
105-->[com.google.firebase:firebase-auth:24.0.1] AndroidManifest.xml:31:13-46
106            android:exported="true"
106-->[com.google.firebase:firebase-auth:24.0.1] AndroidManifest.xml:32:13-36
107            android:launchMode="singleTask"
107-->[com.google.firebase:firebase-auth:24.0.1] AndroidManifest.xml:33:13-44
108            android:theme="@android:style/Theme.Translucent.NoTitleBar" >
108-->[com.google.firebase:firebase-auth:24.0.1] AndroidManifest.xml:34:13-72
109            <intent-filter>
109-->[com.google.firebase:firebase-auth:24.0.1] AndroidManifest.xml:35:13-45:29
110                <action android:name="android.intent.action.VIEW" />
110-->[com.google.firebase:firebase-auth:24.0.1] AndroidManifest.xml:36:17-69
110-->[com.google.firebase:firebase-auth:24.0.1] AndroidManifest.xml:36:25-66
111
112                <category android:name="android.intent.category.DEFAULT" />
112-->[com.google.firebase:firebase-auth:24.0.1] AndroidManifest.xml:38:17-76
112-->[com.google.firebase:firebase-auth:24.0.1] AndroidManifest.xml:38:27-73
113                <category android:name="android.intent.category.BROWSABLE" />
113-->[com.google.firebase:firebase-auth:24.0.1] AndroidManifest.xml:39:17-78
113-->[com.google.firebase:firebase-auth:24.0.1] AndroidManifest.xml:39:27-75
114
115                <data
115-->[com.google.firebase:firebase-auth:24.0.1] AndroidManifest.xml:41:17-44:51
116                    android:host="firebase.auth"
116-->[com.google.firebase:firebase-auth:24.0.1] AndroidManifest.xml:42:21-49
117                    android:path="/"
117-->[com.google.firebase:firebase-auth:24.0.1] AndroidManifest.xml:43:21-37
118                    android:scheme="genericidp" />
118-->[com.google.firebase:firebase-auth:24.0.1] AndroidManifest.xml:44:21-48
119            </intent-filter>
120        </activity>
121        <activity
121-->[com.google.firebase:firebase-auth:24.0.1] AndroidManifest.xml:47:9-64:20
122            android:name="com.google.firebase.auth.internal.RecaptchaActivity"
122-->[com.google.firebase:firebase-auth:24.0.1] AndroidManifest.xml:48:13-79
123            android:excludeFromRecents="true"
123-->[com.google.firebase:firebase-auth:24.0.1] AndroidManifest.xml:49:13-46
124            android:exported="true"
124-->[com.google.firebase:firebase-auth:24.0.1] AndroidManifest.xml:50:13-36
125            android:launchMode="singleTask"
125-->[com.google.firebase:firebase-auth:24.0.1] AndroidManifest.xml:51:13-44
126            android:theme="@android:style/Theme.Translucent.NoTitleBar" >
126-->[com.google.firebase:firebase-auth:24.0.1] AndroidManifest.xml:52:13-72
127            <intent-filter>
127-->[com.google.firebase:firebase-auth:24.0.1] AndroidManifest.xml:53:13-63:29
128                <action android:name="android.intent.action.VIEW" />
128-->[com.google.firebase:firebase-auth:24.0.1] AndroidManifest.xml:36:17-69
128-->[com.google.firebase:firebase-auth:24.0.1] AndroidManifest.xml:36:25-66
129
130                <category android:name="android.intent.category.DEFAULT" />
130-->[com.google.firebase:firebase-auth:24.0.1] AndroidManifest.xml:38:17-76
130-->[com.google.firebase:firebase-auth:24.0.1] AndroidManifest.xml:38:27-73
131                <category android:name="android.intent.category.BROWSABLE" />
131-->[com.google.firebase:firebase-auth:24.0.1] AndroidManifest.xml:39:17-78
131-->[com.google.firebase:firebase-auth:24.0.1] AndroidManifest.xml:39:27-75
132
133                <data
133-->[com.google.firebase:firebase-auth:24.0.1] AndroidManifest.xml:41:17-44:51
134                    android:host="firebase.auth"
134-->[com.google.firebase:firebase-auth:24.0.1] AndroidManifest.xml:42:21-49
135                    android:path="/"
135-->[com.google.firebase:firebase-auth:24.0.1] AndroidManifest.xml:43:21-37
136                    android:scheme="recaptcha" />
136-->[com.google.firebase:firebase-auth:24.0.1] AndroidManifest.xml:44:21-48
137            </intent-filter>
138        </activity>
139
140        <service
140-->[com.google.firebase:firebase-auth:24.0.1] AndroidManifest.xml:66:9-72:19
141            android:name="com.google.firebase.components.ComponentDiscoveryService"
141-->[com.google.firebase:firebase-auth:24.0.1] AndroidManifest.xml:67:13-84
142            android:directBootAware="true"
142-->[com.google.firebase:firebase-common:22.0.1] AndroidManifest.xml:32:13-43
143            android:exported="false" >
143-->[com.google.firebase:firebase-auth:24.0.1] AndroidManifest.xml:68:13-37
144            <meta-data
144-->[com.google.firebase:firebase-auth:24.0.1] AndroidManifest.xml:69:13-71:85
145                android:name="com.google.firebase.components:com.google.firebase.auth.FirebaseAuthRegistrar"
145-->[com.google.firebase:firebase-auth:24.0.1] AndroidManifest.xml:70:17-109
146                android:value="com.google.firebase.components.ComponentRegistrar" />
146-->[com.google.firebase:firebase-auth:24.0.1] AndroidManifest.xml:71:17-82
147            <meta-data
147-->[com.google.firebase:firebase-firestore:26.1.1] AndroidManifest.xml:17:13-19:85
148                android:name="com.google.firebase.components:com.google.firebase.firestore.FirebaseFirestoreKtxRegistrar"
148-->[com.google.firebase:firebase-firestore:26.1.1] AndroidManifest.xml:18:17-122
149                android:value="com.google.firebase.components.ComponentRegistrar" />
149-->[com.google.firebase:firebase-firestore:26.1.1] AndroidManifest.xml:19:17-82
150            <meta-data
150-->[com.google.firebase:firebase-firestore:26.1.1] AndroidManifest.xml:20:13-22:85
151                android:name="com.google.firebase.components:com.google.firebase.firestore.FirestoreRegistrar"
151-->[com.google.firebase:firebase-firestore:26.1.1] AndroidManifest.xml:21:17-111
152                android:value="com.google.firebase.components.ComponentRegistrar" />
152-->[com.google.firebase:firebase-firestore:26.1.1] AndroidManifest.xml:22:17-82
153            <meta-data
153-->[com.google.firebase:firebase-functions:22.1.0] AndroidManifest.xml:15:13-17:85
154                android:name="com.google.firebase.components:com.google.firebase.functions.FirebaseFunctionsKtxRegistrar"
154-->[com.google.firebase:firebase-functions:22.1.0] AndroidManifest.xml:16:17-122
155                android:value="com.google.firebase.components.ComponentRegistrar" />
155-->[com.google.firebase:firebase-functions:22.1.0] AndroidManifest.xml:17:17-82
156            <meta-data
156-->[com.google.firebase:firebase-functions:22.1.0] AndroidManifest.xml:18:13-20:85
157                android:name="com.google.firebase.components:com.google.firebase.functions.FunctionsRegistrar"
157-->[com.google.firebase:firebase-functions:22.1.0] AndroidManifest.xml:19:17-111
158                android:value="com.google.firebase.components.ComponentRegistrar" />
158-->[com.google.firebase:firebase-functions:22.1.0] AndroidManifest.xml:20:17-82
159            <meta-data
159-->[com.google.android.gms:play-services-measurement-api:23.0.0] AndroidManifest.xml:33:13-35:85
160                android:name="com.google.firebase.components:com.google.firebase.analytics.connector.internal.AnalyticsConnectorRegistrar"
160-->[com.google.android.gms:play-services-measurement-api:23.0.0] AndroidManifest.xml:34:17-139
161                android:value="com.google.firebase.components.ComponentRegistrar" />
161-->[com.google.android.gms:play-services-measurement-api:23.0.0] AndroidManifest.xml:35:17-82
162            <meta-data
162-->[com.google.firebase:firebase-iid:21.1.0] AndroidManifest.xml:32:13-34:85
163                android:name="com.google.firebase.components:com.google.firebase.iid.Registrar"
163-->[com.google.firebase:firebase-iid:21.1.0] AndroidManifest.xml:33:17-96
164                android:value="com.google.firebase.components.ComponentRegistrar" />
164-->[com.google.firebase:firebase-iid:21.1.0] AndroidManifest.xml:34:17-82
165            <meta-data
165-->[com.google.firebase:firebase-installations:19.1.0] AndroidManifest.xml:15:13-17:85
166                android:name="com.google.firebase.components:com.google.firebase.installations.FirebaseInstallationsKtxRegistrar"
166-->[com.google.firebase:firebase-installations:19.1.0] AndroidManifest.xml:16:17-130
167                android:value="com.google.firebase.components.ComponentRegistrar" />
167-->[com.google.firebase:firebase-installations:19.1.0] AndroidManifest.xml:17:17-82
168            <meta-data
168-->[com.google.firebase:firebase-installations:19.1.0] AndroidManifest.xml:18:13-20:85
169                android:name="com.google.firebase.components:com.google.firebase.installations.FirebaseInstallationsRegistrar"
169-->[com.google.firebase:firebase-installations:19.1.0] AndroidManifest.xml:19:17-127
170                android:value="com.google.firebase.components.ComponentRegistrar" />
170-->[com.google.firebase:firebase-installations:19.1.0] AndroidManifest.xml:20:17-82
171            <meta-data
171-->[com.google.firebase:firebase-common:22.0.1] AndroidManifest.xml:35:13-37:85
172                android:name="com.google.firebase.components:com.google.firebase.FirebaseCommonKtxRegistrar"
172-->[com.google.firebase:firebase-common:22.0.1] AndroidManifest.xml:36:17-109
173                android:value="com.google.firebase.components.ComponentRegistrar" />
173-->[com.google.firebase:firebase-common:22.0.1] AndroidManifest.xml:37:17-82
174        </service>
175        <service
175-->[com.google.android.gms:play-services-mlkit-barcode-scanning:18.3.0] AndroidManifest.xml:9:9-15:19
176            android:name="com.google.mlkit.common.internal.MlKitComponentDiscoveryService"
176-->[com.google.android.gms:play-services-mlkit-barcode-scanning:18.3.0] AndroidManifest.xml:10:13-91
177            android:directBootAware="true"
177-->[com.google.mlkit:common:18.9.0] AndroidManifest.xml:17:13-43
178            android:exported="false" >
178-->[com.google.android.gms:play-services-mlkit-barcode-scanning:18.3.0] AndroidManifest.xml:11:13-37
179            <meta-data
179-->[com.google.android.gms:play-services-mlkit-barcode-scanning:18.3.0] AndroidManifest.xml:12:13-14:85
180                android:name="com.google.firebase.components:com.google.mlkit.vision.barcode.internal.BarcodeRegistrar"
180-->[com.google.android.gms:play-services-mlkit-barcode-scanning:18.3.0] AndroidManifest.xml:13:17-120
181                android:value="com.google.firebase.components.ComponentRegistrar" />
181-->[com.google.android.gms:play-services-mlkit-barcode-scanning:18.3.0] AndroidManifest.xml:14:17-82
182            <meta-data
182-->[com.google.mlkit:vision-common:17.3.0] AndroidManifest.xml:12:13-14:85
183                android:name="com.google.firebase.components:com.google.mlkit.vision.common.internal.VisionCommonRegistrar"
183-->[com.google.mlkit:vision-common:17.3.0] AndroidManifest.xml:13:17-124
184                android:value="com.google.firebase.components.ComponentRegistrar" />
184-->[com.google.mlkit:vision-common:17.3.0] AndroidManifest.xml:14:17-82
185            <meta-data
185-->[com.google.mlkit:common:18.9.0] AndroidManifest.xml:20:13-22:85
186                android:name="com.google.firebase.components:com.google.mlkit.common.internal.CommonComponentRegistrar"
186-->[com.google.mlkit:common:18.9.0] AndroidManifest.xml:21:17-120
187                android:value="com.google.firebase.components.ComponentRegistrar" />
187-->[com.google.mlkit:common:18.9.0] AndroidManifest.xml:22:17-82
188        </service>
189
190        <provider
190-->[com.google.mlkit:common:18.9.0] AndroidManifest.xml:9:9-13:38
191            android:name="com.google.mlkit.common.internal.MlKitInitProvider"
191-->[com.google.mlkit:common:18.9.0] AndroidManifest.xml:10:13-78
192            android:authorities="com.pinbridge.otpmirror.mlkitinitprovider"
192-->[com.google.mlkit:common:18.9.0] AndroidManifest.xml:11:13-69
193            android:exported="false"
193-->[com.google.mlkit:common:18.9.0] AndroidManifest.xml:12:13-37
194            android:initOrder="99" />
194-->[com.google.mlkit:common:18.9.0] AndroidManifest.xml:13:13-35
195
196        <receiver
196-->[com.google.android.gms:play-services-measurement:23.0.0] AndroidManifest.xml:29:9-33:20
197            android:name="com.google.android.gms.measurement.AppMeasurementReceiver"
197-->[com.google.android.gms:play-services-measurement:23.0.0] AndroidManifest.xml:30:13-85
198            android:enabled="true"
198-->[com.google.android.gms:play-services-measurement:23.0.0] AndroidManifest.xml:31:13-35
199            android:exported="false" >
199-->[com.google.android.gms:play-services-measurement:23.0.0] AndroidManifest.xml:32:13-37
200        </receiver>
201
202        <service
202-->[com.google.android.gms:play-services-measurement:23.0.0] AndroidManifest.xml:35:9-38:40
203            android:name="com.google.android.gms.measurement.AppMeasurementService"
203-->[com.google.android.gms:play-services-measurement:23.0.0] AndroidManifest.xml:36:13-84
204            android:enabled="true"
204-->[com.google.android.gms:play-services-measurement:23.0.0] AndroidManifest.xml:37:13-35
205            android:exported="false" />
205-->[com.google.android.gms:play-services-measurement:23.0.0] AndroidManifest.xml:38:13-37
206        <service
206-->[com.google.android.gms:play-services-measurement:23.0.0] AndroidManifest.xml:39:9-43:72
207            android:name="com.google.android.gms.measurement.AppMeasurementJobService"
207-->[com.google.android.gms:play-services-measurement:23.0.0] AndroidManifest.xml:40:13-87
208            android:enabled="true"
208-->[com.google.android.gms:play-services-measurement:23.0.0] AndroidManifest.xml:41:13-35
209            android:exported="false"
209-->[com.google.android.gms:play-services-measurement:23.0.0] AndroidManifest.xml:42:13-37
210            android:permission="android.permission.BIND_JOB_SERVICE" />
210-->[com.google.android.gms:play-services-measurement:23.0.0] AndroidManifest.xml:43:13-69
211        <service
211-->[androidx.credentials:credentials-play-services-auth:1.2.0-rc01] AndroidManifest.xml:24:9-32:19
212            android:name="androidx.credentials.playservices.CredentialProviderMetadataHolder"
212-->[androidx.credentials:credentials-play-services-auth:1.2.0-rc01] AndroidManifest.xml:25:13-94
213            android:enabled="true"
213-->[androidx.credentials:credentials-play-services-auth:1.2.0-rc01] AndroidManifest.xml:26:13-35
214            android:exported="false" >
214-->[androidx.credentials:credentials-play-services-auth:1.2.0-rc01] AndroidManifest.xml:27:13-37
215            <meta-data
215-->[androidx.credentials:credentials-play-services-auth:1.2.0-rc01] AndroidManifest.xml:29:13-31:104
216                android:name="androidx.credentials.CREDENTIAL_PROVIDER_KEY"
216-->[androidx.credentials:credentials-play-services-auth:1.2.0-rc01] AndroidManifest.xml:30:17-76
217                android:value="androidx.credentials.playservices.CredentialProviderPlayServicesImpl" />
217-->[androidx.credentials:credentials-play-services-auth:1.2.0-rc01] AndroidManifest.xml:31:17-101
218        </service>
219
220        <activity
220-->[androidx.credentials:credentials-play-services-auth:1.2.0-rc01] AndroidManifest.xml:34:9-41:20
221            android:name="androidx.credentials.playservices.HiddenActivity"
221-->[androidx.credentials:credentials-play-services-auth:1.2.0-rc01] AndroidManifest.xml:35:13-76
222            android:configChanges="orientation|screenSize|screenLayout|keyboardHidden"
222-->[androidx.credentials:credentials-play-services-auth:1.2.0-rc01] AndroidManifest.xml:36:13-87
223            android:enabled="true"
223-->[androidx.credentials:credentials-play-services-auth:1.2.0-rc01] AndroidManifest.xml:37:13-35
224            android:exported="false"
224-->[androidx.credentials:credentials-play-services-auth:1.2.0-rc01] AndroidManifest.xml:38:13-37
225            android:fitsSystemWindows="true"
225-->[androidx.credentials:credentials-play-services-auth:1.2.0-rc01] AndroidManifest.xml:39:13-45
226            android:theme="@style/Theme.Hidden" >
226-->[androidx.credentials:credentials-play-services-auth:1.2.0-rc01] AndroidManifest.xml:40:13-48
227        </activity>
228        <activity
228-->[com.google.android.gms:play-services-auth:20.7.0] AndroidManifest.xml:23:9-27:75
229            android:name="com.google.android.gms.auth.api.signin.internal.SignInHubActivity"
229-->[com.google.android.gms:play-services-auth:20.7.0] AndroidManifest.xml:24:13-93
230            android:excludeFromRecents="true"
230-->[com.google.android.gms:play-services-auth:20.7.0] AndroidManifest.xml:25:13-46
231            android:exported="false"
231-->[com.google.android.gms:play-services-auth:20.7.0] AndroidManifest.xml:26:13-37
232            android:theme="@android:style/Theme.Translucent.NoTitleBar" />
232-->[com.google.android.gms:play-services-auth:20.7.0] AndroidManifest.xml:27:13-72
233        <!--
234            Service handling Google Sign-In user revocation. For apps that do not integrate with
235            Google Sign-In, this service will never be started.
236        -->
237        <service
237-->[com.google.android.gms:play-services-auth:20.7.0] AndroidManifest.xml:33:9-37:51
238            android:name="com.google.android.gms.auth.api.signin.RevocationBoundService"
238-->[com.google.android.gms:play-services-auth:20.7.0] AndroidManifest.xml:34:13-89
239            android:exported="true"
239-->[com.google.android.gms:play-services-auth:20.7.0] AndroidManifest.xml:35:13-36
240            android:permission="com.google.android.gms.auth.api.signin.permission.REVOCATION_NOTIFICATION"
240-->[com.google.android.gms:play-services-auth:20.7.0] AndroidManifest.xml:36:13-107
241            android:visibleToInstantApps="true" />
241-->[com.google.android.gms:play-services-auth:20.7.0] AndroidManifest.xml:37:13-48
242
243        <provider
243-->[com.google.firebase:firebase-common:22.0.1] AndroidManifest.xml:23:9-28:39
244            android:name="com.google.firebase.provider.FirebaseInitProvider"
244-->[com.google.firebase:firebase-common:22.0.1] AndroidManifest.xml:24:13-77
245            android:authorities="com.pinbridge.otpmirror.firebaseinitprovider"
245-->[com.google.firebase:firebase-common:22.0.1] AndroidManifest.xml:25:13-72
246            android:directBootAware="true"
246-->[com.google.firebase:firebase-common:22.0.1] AndroidManifest.xml:26:13-43
247            android:exported="false"
247-->[com.google.firebase:firebase-common:22.0.1] AndroidManifest.xml:27:13-37
248            android:initOrder="100" />
248-->[com.google.firebase:firebase-common:22.0.1] AndroidManifest.xml:28:13-36
249
250        <service
250-->[androidx.work:work-runtime:2.9.0] AndroidManifest.xml:39:9-45:35
251            android:name="androidx.work.impl.background.systemalarm.SystemAlarmService"
251-->[androidx.work:work-runtime:2.9.0] AndroidManifest.xml:40:13-88
252            android:directBootAware="false"
252-->[androidx.work:work-runtime:2.9.0] AndroidManifest.xml:41:13-44
253            android:enabled="@bool/enable_system_alarm_service_default"
253-->[androidx.work:work-runtime:2.9.0] AndroidManifest.xml:42:13-72
254            android:exported="false" />